<?xml version="1.0" encoding="UTF-8" ?>
<testsuite failures="0" time="4.582" errors="0" skipped="0" tests="23" name="TestSuite">
  <properties>
[...]
</properties>
  <testcase time="0.015" classname="com.websystique.springmvc.controller.AppControllerTest" name="deleteEmployee"/>
  <testcase time="0.029" classname="com.websystique.springmvc.controller.AppControllerTest" name="editEmployee"/>
  <testcase time="0.014" classname="com.websystique.springmvc.controller.AppControllerTest" name="listEmployees"/>
  <testcase time="0.001" classname="com.websystique.springmvc.controller.AppControllerTest" name="newEmployee"/>
  <testcase time="0.001" classname="com.websystique.springmvc.controller.AppControllerTest" name="saveEmployeeWithSuccess"/>
  <testcase time="0.001" classname="com.websystique.springmvc.controller.AppControllerTest" name="saveEmployeeWithValidationError"/>
  <testcase time="0.002" classname="com.websystique.springmvc.controller.AppControllerTest" name="saveEmployeeWithValidationErrorNonUniqueSSN"/>
  <testcase time="0.001" classname="com.websystique.springmvc.controller.AppControllerTest" name="updateEmployeeWithSuccess"/>
  <testcase time="0.001" classname="com.websystique.springmvc.controller.AppControllerTest" name="updateEmployeeWithValidationError"/>
  <testcase time="0.001" classname="com.websystique.springmvc.controller.AppControllerTest" name="updateEmployeeWithValidationErrorNonUniqueSSN"/>
  <testcase time="0.153" classname="com.websystique.springmvc.dao.EmployeeDaoImplTest" name="deleteEmployeeByInvalidSsn"/>
  <testcase time="0.005" classname="com.websystique.springmvc.dao.EmployeeDaoImplTest" name="deleteEmployeeBySsn"/>
  <testcase time="0.003" classname="com.websystique.springmvc.dao.EmployeeDaoImplTest" name="findAllEmployees"/>
  <testcase time="0.013" classname="com.websystique.springmvc.dao.EmployeeDaoImplTest" name="findById"/>
  <testcase time="0.014" classname="com.websystique.springmvc.dao.EmployeeDaoImplTest" name="findEmployeeBySsn"/>
  <testcase time="0.027" classname="com.websystique.springmvc.dao.EmployeeDaoImplTest" name="saveEmployee"/>
  <testcase time="0" classname="com.websystique.springmvc.service.EmployeeServiceImplTest" name="deleteEmployeeBySsn"/>
  <testcase time="0.001" classname="com.websystique.springmvc.service.EmployeeServiceImplTest" name="findAllEmployees"/>
  <testcase time="0.001" classname="com.websystique.springmvc.service.EmployeeServiceImplTest" name="findById"/>
  <testcase time="0" classname="com.websystique.springmvc.service.EmployeeServiceImplTest" name="findEmployeeBySsn"/>
  <testcase time="0.001" classname="com.websystique.springmvc.service.EmployeeServiceImplTest" name="isEmployeeSsnUnique"/>
  <testcase time="0.001" classname="com.websystique.springmvc.service.EmployeeServiceImplTest" name="saveEmployee"/>
  <testcase time="0.001" classname="com.websystique.springmvc.service.EmployeeServiceImplTest" name="updateEmployee"/>
</testsuite>